2021-05-20 15:51:49.648  INFO 5336 --- [main] com.atqidi.elcar.ElcarApplicationTests   : Starting ElcarApplicationTests on 老白的炸鸡堡垒 with PID 5336 (started by 老白 in C:\Users\老白\Desktop\大三下学期\移动应用开发\elcar)
2021-05-20 15:51:49.664  INFO 5336 --- [main] com.atqidi.elcar.ElcarApplicationTests   : No active profile set, falling back to default profiles: default
2021-05-20 15:51:52.137  INFO 5336 --- [main] .s.d.r.c.RepositoryConfigurationDelegate : Multiple Spring Data modules found, entering strict repository configuration mode!
2021-05-20 15:51:52.145  INFO 5336 --- [main] .s.d.r.c.RepositoryConfigurationDelegate : Bootstrapping Spring Data Redis repositories in DEFAULT mode.
2021-05-20 15:51:52.264  INFO 5336 --- [main] .s.d.r.c.RepositoryConfigurationDelegate : Finished Spring Data repository scanning in 70ms. Found 0 Redis repository interfaces.
2021-05-20 15:51:53.028  INFO 5336 --- [main] trationDelegate$BeanPostProcessorChecker : Bean 'redisConfig' of type [com.atqidi.elcar.config.RedisConfig$$EnhancerBySpringCGLIB$$61f6dc03] is not eligible for getting processed by all BeanPostProcessors (for example: not eligible for auto-proxying)
2021-05-20 15:52:00.780  INFO 5336 --- [main] pertySourcedRequestMappingHandlerMapping : Mapped URL path [/v2/api-docs] onto method [springfox.documentation.swagger2.web.Swagger2Controller#getDocumentation(String, HttpServletRequest)]
2021-05-20 15:52:02.532  INFO 5336 --- [main] o.s.s.concurrent.ThreadPoolTaskExecutor  : Initializing ExecutorService 'applicationTaskExecutor'
2021-05-20 15:52:03.978  INFO 5336 --- [main] d.s.w.p.DocumentationPluginsBootstrapper : Context refreshed
2021-05-20 15:52:04.063  INFO 5336 --- [main] d.s.w.p.DocumentationPluginsBootstrapper : Found 1 custom documentation plugin(s)
2021-05-20 15:52:04.180  INFO 5336 --- [main] s.d.s.w.s.ApiListingReferenceScanner     : Scanning for api listing references
2021-05-20 15:52:04.751  INFO 5336 --- [main] .d.s.w.r.o.CachingOperationNameGenerator : Generating unique operation named: selectEquipmentUsingGET_1
2021-05-20 15:52:04.871  INFO 5336 --- [main] .d.s.w.r.o.CachingOperationNameGenerator : Generating unique operation named: getRoseByIdUsingGET_1
2021-05-20 15:52:04.952  INFO 5336 --- [main] .d.s.w.r.o.CachingOperationNameGenerator : Generating unique operation named: getUserByPhoneUsingGET_1
2021-05-20 15:52:05.154  INFO 5336 --- [main] com.atqidi.elcar.ElcarApplicationTests   : Started ElcarApplicationTests in 16.716 seconds (JVM running for 19.585)
2021-05-20 15:52:07.418  INFO 5336 --- [main] .b.t.c.SpringBootTestContextBootstrapper : Neither @ContextConfiguration nor @ContextHierarchy found for test class [com.atqidi.elcar.service.impl.UserServiceImplTest], using SpringBootContextLoader
2021-05-20 15:52:07.420  INFO 5336 --- [main] o.s.t.c.support.AbstractContextLoader    : Could not detect default resource locations for test class [com.atqidi.elcar.service.impl.UserServiceImplTest]: no resource found for suffixes {-context.xml, Context.groovy}.
2021-05-20 15:52:07.421  INFO 5336 --- [main] t.c.s.AnnotationConfigContextLoaderUtils : Could not detect default configuration classes for test class [com.atqidi.elcar.service.impl.UserServiceImplTest]: UserServiceImplTest does not declare any static, non-private, non-final, nested classes annotated with @Configuration.
2021-05-20 15:52:07.467  INFO 5336 --- [main] .b.t.c.SpringBootTestContextBootstrapper : Found @SpringBootConfiguration com.atqidi.elcar.ElcarApplication for test class com.atqidi.elcar.service.impl.UserServiceImplTest
2021-05-20 15:52:07.476  INFO 5336 --- [main] .b.t.c.SpringBootTestContextBootstrapper : Loaded default TestExecutionListener class names from location [META-INF/spring.factories]: [org.springframework.boot.test.mock.mockito.MockitoTestExecutionListener, org.springframework.boot.test.mock.mockito.ResetMocksTestExecutionListener, org.springframework.boot.test.autoconfigure.restdocs.RestDocsTestExecutionListener, org.springframework.boot.test.autoconfigure.web.client.MockRestServiceServerResetTestExecutionListener, org.springframework.boot.test.autoconfigure.web.servlet.MockMvcPrintOnlyOnFailureTestExecutionListener, org.springframework.boot.test.autoconfigure.web.servlet.WebDriverTestExecutionListener, org.springframework.boot.test.autoconfigure.webservices.client.MockWebServiceServerTestExecutionListener, org.springframework.test.context.web.ServletTestExecutionListener, org.springframework.test.context.support.DirtiesContextBeforeModesTestExecutionListener, org.springframework.test.context.support.DependencyInjectionTestExecutionListener, org.springframework.test.context.support.DirtiesContextTestExecutionListener, org.springframework.test.context.transaction.TransactionalTestExecutionListener, org.springframework.test.context.jdbc.SqlScriptsTestExecutionListener, org.springframework.test.context.event.EventPublishingTestExecutionListener]
2021-05-20 15:52:07.478  INFO 5336 --- [main] .b.t.c.SpringBootTestContextBootstrapper : Using TestExecutionListeners: [org.springframework.test.context.web.ServletTestExecutionListener@3f22ce2a, org.springframework.test.context.support.DirtiesContextBeforeModesTestExecutionListener@64cec4d0, org.springframework.boot.test.mock.mockito.MockitoTestExecutionListener@6e069ca9, org.springframework.boot.test.autoconfigure.SpringBootDependencyInjectionTestExecutionListener@45e9db77, org.springframework.test.context.support.DirtiesContextTestExecutionListener@6c930e7e, org.springframework.test.context.transaction.TransactionalTestExecutionListener@7e69bf78, org.springframework.test.context.jdbc.SqlScriptsTestExecutionListener@24d097c8, org.springframework.test.context.event.EventPublishingTestExecutionListener@2f69d246, org.springframework.boot.test.mock.mockito.ResetMocksTestExecutionListener@5bfdc92b, org.springframework.boot.test.autoconfigure.restdocs.RestDocsTestExecutionListener@68dc2f53, org.springframework.boot.test.autoconfigure.web.client.MockRestServiceServerResetTestExecutionListener@48928b57, org.springframework.boot.test.autoconfigure.web.servlet.MockMvcPrintOnlyOnFailureTestExecutionListener@29088be1, org.springframework.boot.test.autoconfigure.web.servlet.WebDriverTestExecutionListener@1c09bb7a, org.springframework.boot.test.autoconfigure.webservices.client.MockWebServiceServerTestExecutionListener@15a6a91f]
2021-05-20 15:52:08.590  INFO 5336 --- [SpringContextShutdownHook] o.s.s.concurrent.ThreadPoolTaskExecutor  : Shutting down ExecutorService 'applicationTaskExecutor'
